<?xml version="1.0" encoding="UTF-8"?>
<!-- Generated by org.testng.reporters.JUnitReportReporter -->
<testsuite skipped="0" hostname="LHTU05CG8335W8V" name="com.mrcp.tests.APITest2" tests="1" failures="0" timestamp="2020-06-04T20:00:39 IST" time="0.250" errors="0">
  <testcase name="secondTest" time="0.250" classname="com.mrcp.tests.APITest2"/>
  <system-out/>
</testsuite> <!-- com.mrcp.tests.APITest2 -->
