<?xml version="1.0" encoding="UTF-8"?>
<!-- Generated by org.testng.reporters.JUnitReportReporter -->
<testsuite skipped="0" hostname="LHTU05CG8335W8V" name="com.gradeup.tests.UITest" tests="1" failures="0" timestamp="2020-06-23T16:24:02 IST" time="48.604" errors="0">
  <testcase name="firstTest" time="48.604" classname="com.gradeup.tests.UITest"/>
  <system-out/>
</testsuite> <!-- com.gradeup.tests.UITest -->
