<?xml version="1.0" encoding="UTF-8"?>
<!-- Generated by org.testng.reporters.JUnitReportReporter -->
<testsuite skipped="0" hostname="LHTU05CG8335W8V" name="com.gradeup.tests.APITest" tests="1" failures="0" timestamp="2020-06-23T17:53:41 IST" time="129.949" errors="0">
  <testcase name="APITest" time="129.949" classname="com.gradeup.tests.APITest"/>
  <system-out/>
</testsuite> <!-- com.gradeup.tests.APITest -->
