<?xml version="1.0" encoding="UTF-8"?>
<!-- Generated by org.testng.reporters.JUnitReportReporter -->
<testsuite skipped="1" hostname="LHTU05CG8335W8V" name="com.gradeup.tests.Test1" tests="1" failures="0" timestamp="2020-06-22T23:20:17 IST" time="0.000" errors="0">
  <testcase name="firstTest" time="0.000" classname="com.gradeup.tests.Test1">
    <skipped/>
  </testcase> <!-- firstTest -->
  <system-out/>
</testsuite> <!-- com.gradeup.tests.Test1 -->
