<?xml version="1.0" encoding="UTF-8"?>
<!-- Generated by org.testng.reporters.JUnitReportReporter -->
<testsuite skipped="0" hostname="LHTU05CG8335W8V" name="com.mrcp.tests.APIFirstTest" tests="1" failures="0" timestamp="2020-06-04T19:02:28 IST" time="0.341" errors="0">
  <testcase name="first" time="0.341" classname="com.mrcp.tests.APIFirstTest"/>
  <system-out/>
</testsuite> <!-- com.mrcp.tests.APIFirstTest -->
